# JRE version: Java(TM) SE Runtime Environment (8.0_211-b12) (build 1.8.0_211-b12)
# Java VM: Java HotSpot(TM) 64-Bit Server VM (25.211-b12 mixed mode windows-amd64 compressed oops)
Heap:
 PSYoungGen      total 31744K, used 16172K [0x00000000eda00000, 0x00000000efb00000, 0x0000000100000000)
  eden space 29696K, 47% used [0x00000000eda00000,0x00000000ee7ce530,0x00000000ef700000)
  from space 2048K, 99% used [0x00000000ef900000,0x00000000efafcae0,0x00000000efb00000)
  to   space 2048K, 0% used [0x00000000ef700000,0x00000000ef700000,0x00000000ef900000)
 ParOldGen       total 38400K, used 10303K [0x00000000c8e00000, 0x00000000cb380000, 0x00000000eda00000)
  object space 38400K, 26% used [0x00000000c8e00000,0x00000000c980ff80,0x00000000cb380000)
 Metaspace       used 19483K, capacity 20018K, committed 20224K, reserved 1067008K
  class space    used 2645K, capacity 2800K, committed 2816K, reserved 1048576K
GC Heap History (10 events):
Event: 2.975 GC heap before
{Heap before GC invocations=2 (full 0):
 PSYoungGen      total 16896K, used 16871K [0x00000000eda00000, 0x00000000eec80000, 0x0000000100000000)
  eden space 14848K, 99% used [0x00000000eda00000,0x00000000ee87dbf0,0x00000000ee880000)
  from space 2048K, 99% used [0x00000000ee880000,0x00000000eea7c010,0x00000000eea80000)
  to   space 2048K, 0% used [0x00000000eea80000,0x00000000eea80000,0x00000000eec80000)
 ParOldGen       total 38400K, used 1151K [0x00000000c8e00000, 0x00000000cb380000, 0x00000000eda00000)
  object space 38400K, 2% used [0x00000000c8e00000,0x00000000c8f1ff70,0x00000000cb380000)
 Metaspace       used 9511K, capacity 9728K, committed 9984K, reserved 1058816K
  class space    used 1178K, capacity 1264K, committed 1280K, reserved 1048576K
Event: 2.987 GC heap after
Heap after GC invocations=2 (full 0):
 PSYoungGen      total 16896K, used 2022K [0x00000000eda00000, 0x00000000efb00000, 0x0000000100000000)
  eden space 14848K, 0% used [0x00000000eda00000,0x00000000eda00000,0x00000000ee880000)
  from space 2048K, 98% used [0x00000000eea80000,0x00000000eec79a98,0x00000000eec80000)
  to   space 2048K, 0% used [0x00000000ee880000,0x00000000ee880000,0x00000000eea80000)
 ParOldGen       total 38400K, used 2046K [0x00000000c8e00000, 0x00000000cb380000, 0x00000000eda00000)
  object space 38400K, 5% used [0x00000000c8e00000,0x00000000c8fffb30,0x00000000cb380000)
 Metaspace       used 9511K, capacity 9728K, committed 9984K, reserved 1058816K
  class space    used 1178K, capacity 1264K, committed 1280K, reserved 1048576K
}
Event: 3.006 GC heap before
{Heap before GC invocations=3 (full 0):
 PSYoungGen      total 16896K, used 16853K [0x00000000eda00000, 0x00000000efb00000, 0x0000000100000000)
  eden space 14848K, 99% used [0x00000000eda00000,0x00000000ee87ba20,0x00000000ee880000)
  from space 2048K, 98% used [0x00000000eea80000,0x00000000eec79a98,0x00000000eec80000)
  to   space 2048K, 0% used [0x00000000ee880000,0x00000000ee880000,0x00000000eea80000)
 ParOldGen       total 38400K, used 2046K [0x00000000c8e00000, 0x00000000cb380000, 0x00000000eda00000)
  object space 38400K, 5% used [0x00000000c8e00000,0x00000000c8fffb30,0x00000000cb380000)
 Metaspace       used 9511K, capacity 9728K, committed 9984K, reserved 1058816K
  class space    used 1178K, capacity 1264K, committed 1280K, reserved 1048576K
Event: 3.015 GC heap after
Heap after GC invocations=3 (full 0):
 PSYoungGen      total 16896K, used 2045K [0x00000000eda00000, 0x00000000efb00000, 0x0000000100000000)
  eden space 14848K, 0% used [0x00000000eda00000,0x00000000eda00000,0x00000000ee880000)
  from space 2048K, 99% used [0x00000000ee880000,0x00000000eea7f570,0x00000000eea80000)
  to   space 2048K, 0% used [0x00000000ef900000,0x00000000ef900000,0x00000000efb00000)
 ParOldGen       total 38400K, used 2054K [0x00000000c8e00000, 0x00000000cb380000, 0x00000000eda00000)
  object space 38400K, 5% used [0x00000000c8e00000,0x00000000c9001b30,0x00000000cb380000)
 Metaspace       used 9511K, capacity 9728K, committed 9984K, reserved 1058816K
  class space    used 1178K, capacity 1264K, committed 1280K, reserved 1048576K
}
Event: 3.332 GC heap before
{Heap before GC invocations=4 (full 0):
 PSYoungGen      total 16896K, used 16893K [0x00000000eda00000, 0x00000000efb00000, 0x0000000100000000)
  eden space 14848K, 100% used [0x00000000eda00000,0x00000000ee880000,0x00000000ee880000)
  from space 2048K, 99% used [0x00000000ee880000,0x00000000eea7f570,0x00000000eea80000)
  to   space 2048K, 0% used [0x00000000ef900000,0x00000000ef900000,0x00000000efb00000)
 ParOldGen       total 38400K, used 2054K [0x00000000c8e00000, 0x00000000cb380000, 0x00000000eda00000)
  object space 38400K, 5% used [0x00000000c8e00000,0x00000000c9001b30,0x00000000cb380000)
 Metaspace       used 10344K, capacity 10634K, committed 11008K, reserved 1058816K
  class space    used 1315K, capacity 1412K, committed 1536K, reserved 1048576K
Event: 3.342 GC heap after
Heap after GC invocations=4 (full 0):
 PSYoungGen      total 31744K, used 2033K [0x00000000eda00000, 0x00000000efb00000, 0x0000000100000000)
  eden space 29696K, 0% used [0x00000000eda00000,0x00000000eda00000,0x00000000ef700000)
  from space 2048K, 99% used [0x00000000ef900000,0x00000000efafc558,0x00000000efb00000)
  to   space 2048K, 0% used [0x00000000ef700000,0x00000000ef700000,0x00000000ef900000)
 ParOldGen       total 38400K, used 2991K [0x00000000c8e00000, 0x00000000cb380000, 0x00000000eda00000)
  object space 38400K, 7% used [0x00000000c8e00000,0x00000000c90ebde8,0x00000000cb380000)
 Metaspace       used 10344K, capacity 10634K, committed 11008K, reserved 1058816K
  class space    used 1315K, capacity 1412K, committed 1536K, reserved 1048576K
}
Event: 4.434 GC heap before
{Heap before GC invocations=5 (full 0):
 PSYoungGen      total 31744K, used 31729K [0x00000000eda00000, 0x00000000efb00000, 0x0000000100000000)
  eden space 29696K, 100% used [0x00000000eda00000,0x00000000ef700000,0x00000000ef700000)
  from space 2048K, 99% used [0x00000000ef900000,0x00000000efafc558,0x00000000efb00000)
  to   space 2048K, 0% used [0x00000000ef700000,0x00000000ef700000,0x00000000ef900000)
 ParOldGen       total 38400K, used 2991K [0x00000000c8e00000, 0x00000000cb380000, 0x00000000eda00000)
  object space 38400K, 7% used [0x00000000c8e00000,0x00000000c90ebde8,0x00000000cb380000)
 Metaspace       used 14080K, capacity 14500K, committed 14592K, reserved 1062912K
  class space    used 1913K, capacity 2047K, committed 2048K, reserved 1048576K
Event: 4.457 GC heap after
Heap after GC invocations=5 (full 0):
 PSYoungGen      total 31744K, used 2033K [0x00000000eda00000, 0x00000000efb00000, 0x0000000100000000)
  eden space 29696K, 0% used [0x00000000eda00000,0x00000000eda00000,0x00000000ef700000)
  from space 2048K, 99% used [0x00000000ef700000,0x00000000ef8fc558,0x00000000ef900000)
  to   space 2048K, 0% used [0x00000000ef900000,0x00000000ef900000,0x00000000efb00000)
 ParOldGen       total 38400K, used 6401K [0x00000000c8e00000, 0x00000000cb380000, 0x00000000eda00000)
  object space 38400K, 16% used [0x00000000c8e00000,0x00000000c9440518,0x00000000cb380000)
 Metaspace       used 14080K, capacity 14500K, committed 14592K, reserved 1062912K
  class space    used 1913K, capacity 2047K, committed 2048K, reserved 1048576K
}
Event: 5.361 GC heap before
{Heap before GC invocations=6 (full 0):
 PSYoungGen      total 31744K, used 31729K [0x00000000eda00000, 0x00000000efb00000, 0x0000000100000000)
  eden space 29696K, 100% used [0x00000000eda00000,0x00000000ef700000,0x00000000ef700000)
  from space 2048K, 99% used [0x00000000ef700000,0x00000000ef8fc558,0x00000000ef900000)
  to   space 2048K, 0% used [0x00000000ef900000,0x00000000ef900000,0x00000000efb00000)
 ParOldGen       total 38400K, used 6401K [0x00000000c8e00000, 0x00000000cb380000, 0x00000000eda00000)
  object space 38400K, 16% used [0x00000000c8e00000,0x00000000c9440518,0x00000000cb380000)
 Metaspace       used 17647K, capacity 18194K, committed 18560K, reserved 1064960K
  class space    used 2409K, capacity 2572K, committed 2688K, reserved 1048576K
Event: 5.378 GC heap after
Heap after GC invocations=6 (full 0):
 PSYoungGen      total 31744K, used 2034K [0x00000000eda00000, 0x00000000efb00000, 0x0000000100000000)
  eden space 29696K, 0% used [0x00000000eda00000,0x00000000eda00000,0x00000000ef700000)
  from space 2048K, 99% used [0x00000000ef900000,0x00000000efafcae0,0x00000000efb00000)
  to   space 2048K, 0% used [0x00000000ef700000,0x00000000ef700000,0x00000000ef900000)
 ParOldGen       total 38400K, used 10303K [0x00000000c8e00000, 0x00000000cb380000, 0x00000000eda00000)
  object space 38400K, 26% used [0x00000000c8e00000,0x00000000c980ff80,0x00000000cb380000)
 Metaspace       used 17647K, capacity 18194K, committed 18560K, reserved 1064960K
  class space    used 2409K, capacity 2572K, committed 2688K, reserved 1048576K
}

